2022-04-01 10:34:50,092 - discord.client - __init__ - WARNING - PyNaCl is not installed, voice will NOT be supported
2022-04-01 10:34:50,103 - discord.client - login - INFO - logging in using static token
2022-04-01 10:34:50,311 - root - setup_hook - INFO - Using Query   CREATE TABLE IF NOT EXISTS pers_messages (id TEXT PRIMARY KEY, persistent_message TEXT)
2022-04-01 10:34:50,312 - root - setup_hook - INFO - Using Query   CREATE TABLE IF NOT EXISTS guilds (id TEXT PRIMARY KEY, name TEXT, count INT)
2022-04-01 10:34:50,313 - root - setup_hook - INFO - Using Query   CREATE TABLE IF NOT EXISTS warns (id TEXT PRIMARY KEY, guild_id TEXT UNIQUE, user_id TEXT UNIQUE, moderator_id TEXT, reason TEXT, time INT)
2022-04-01 10:34:50,314 - root - setup_hook - INFO - Using Query   CREATE TABLE IF NOT EXISTS settings (id TEXT PRIMARY KEY, wlsys BIT, moderation BIT, information BIT, urls BIT, basic BIT)
2022-04-01 10:34:51,612 - discord.gateway - identify - INFO - Shard ID None has sent the IDENTIFY payload.
2022-04-01 10:34:51,826 - discord.gateway - received_message - INFO - Shard ID None has connected to Gateway: ["gateway-prd-main-fsf5",{"micros":79914,"calls":["discord-sessions-blue-prd-2-141",{"micros":77399,"calls":["start_session",{"micros":51998,"calls":["discord-api-67ff589cfd-wn7lg",{"micros":46262,"calls":["get_user",{"micros":8234},"add_authorized_ip",{"micros":2632},"get_guilds",{"micros":3628},"coros_wait",{"micros":2}]}]},"guilds_connect",{"micros":2,"calls":[]},"presence_connect",{"micros":20386,"calls":[]}]}]}] (Session ID: 3f4791102d1fe32b39cc008d9738deb8).
2022-04-01 11:06:40,153 - discord.client - __init__ - WARNING - PyNaCl is not installed, voice will NOT be supported
2022-04-01 11:06:40,162 - discord.client - login - INFO - logging in using static token
2022-04-01 11:06:40,802 - root - setup_hook - INFO - Using Query   CREATE TABLE IF NOT EXISTS pers_messages (id TEXT PRIMARY KEY, persistent_message TEXT)
2022-04-01 11:06:40,803 - root - setup_hook - INFO - Using Query   CREATE TABLE IF NOT EXISTS guilds (id TEXT PRIMARY KEY, name TEXT, count INT)
2022-04-01 11:06:40,805 - root - setup_hook - INFO - Using Query   CREATE TABLE IF NOT EXISTS warns (id TEXT PRIMARY KEY, guild_id TEXT UNIQUE, user_id TEXT UNIQUE, moderator_id TEXT, reason TEXT, time INT)
2022-04-01 11:06:40,808 - root - setup_hook - INFO - Using Query   CREATE TABLE IF NOT EXISTS settings (id TEXT PRIMARY KEY, wlsys BIT, moderation BIT, information BIT, urls BIT, basic BIT)
2022-04-01 11:06:42,002 - discord.gateway - identify - INFO - Shard ID None has sent the IDENTIFY payload.
2022-04-01 11:06:42,126 - discord.gateway - received_message - INFO - Shard ID None has connected to Gateway: ["gateway-prd-main-1kh0",{"micros":80842,"calls":["discord-sessions-blue-prd-2-24",{"micros":77750,"calls":["start_session",{"micros":52955,"calls":["discord-api-67ff589cfd-wv8mh",{"micros":48860,"calls":["get_user",{"micros":6358},"add_authorized_ip",{"micros":4067},"get_guilds",{"micros":8601},"coros_wait",{"micros":2}]}]},"guilds_connect",{"micros":2,"calls":[]},"presence_connect",{"micros":6906,"calls":[]}]}]}] (Session ID: d79fc804908e181459c5cb545dc7e316).
2022-04-01 11:06:50,620 - root - on_error - ERROR - Ignoring <class 'discord.app_commands.errors.CommandInvokeError'> in command setup_help: Command 'setup_help' raised an exception: AttributeError: 'Interaction' object has no attribute 'author'
2022-04-01 11:07:22,036 - discord.client - __init__ - WARNING - PyNaCl is not installed, voice will NOT be supported
2022-04-01 11:07:22,044 - discord.client - login - INFO - logging in using static token
2022-04-01 11:07:22,323 - root - setup_hook - INFO - Using Query   CREATE TABLE IF NOT EXISTS pers_messages (id TEXT PRIMARY KEY, persistent_message TEXT)
2022-04-01 11:07:22,324 - root - setup_hook - INFO - Using Query   CREATE TABLE IF NOT EXISTS guilds (id TEXT PRIMARY KEY, name TEXT, count INT)
2022-04-01 11:07:22,324 - root - setup_hook - INFO - Using Query   CREATE TABLE IF NOT EXISTS warns (id TEXT PRIMARY KEY, guild_id TEXT UNIQUE, user_id TEXT UNIQUE, moderator_id TEXT, reason TEXT, time INT)
2022-04-01 11:07:22,325 - root - setup_hook - INFO - Using Query   CREATE TABLE IF NOT EXISTS settings (id TEXT PRIMARY KEY, wlsys BIT, moderation BIT, information BIT, urls BIT, basic BIT)
2022-04-01 11:07:22,920 - discord.gateway - identify - INFO - Shard ID None has sent the IDENTIFY payload.
2022-04-01 11:07:23,068 - discord.gateway - received_message - INFO - Shard ID None has connected to Gateway: ["gateway-prd-main-z5fg",{"micros":118007,"calls":["discord-sessions-blue-prd-2-103",{"micros":116524,"calls":["start_session",{"micros":91813,"calls":["discord-api-67ff589cfd-h88qm",{"micros":86955,"calls":["get_user",{"micros":8582},"add_authorized_ip",{"micros":7963},"get_guilds",{"micros":15327},"coros_wait",{"micros":2}]}]},"guilds_connect",{"micros":2,"calls":[]},"presence_connect",{"micros":1,"calls":[]}]}]}] (Session ID: a9f5e8cc8689552fd372966e2df3de75).
2022-04-01 11:07:30,101 - root - on_error - ERROR - Ignoring <class 'discord.app_commands.errors.CommandInvokeError'> in command setup_help: Command 'setup_help' raised an exception: AttributeError: 'InteractionResponse' object has no attribute 'send'
2022-04-01 11:07:39,222 - discord.client - __init__ - WARNING - PyNaCl is not installed, voice will NOT be supported
2022-04-01 11:07:39,231 - discord.client - login - INFO - logging in using static token
2022-04-01 11:07:39,417 - root - setup_hook - INFO - Using Query   CREATE TABLE IF NOT EXISTS pers_messages (id TEXT PRIMARY KEY, persistent_message TEXT)
2022-04-01 11:07:39,418 - root - setup_hook - INFO - Using Query   CREATE TABLE IF NOT EXISTS guilds (id TEXT PRIMARY KEY, name TEXT, count INT)
2022-04-01 11:07:39,419 - root - setup_hook - INFO - Using Query   CREATE TABLE IF NOT EXISTS warns (id TEXT PRIMARY KEY, guild_id TEXT UNIQUE, user_id TEXT UNIQUE, moderator_id TEXT, reason TEXT, time INT)
2022-04-01 11:07:39,420 - root - setup_hook - INFO - Using Query   CREATE TABLE IF NOT EXISTS settings (id TEXT PRIMARY KEY, wlsys BIT, moderation BIT, information BIT, urls BIT, basic BIT)
2022-04-01 11:07:40,639 - discord.http - request - WARNING - We are being rate limited. Retrying in 0.94 seconds. Handled under the bucket "None:695025143264706622:/applications/{application_id}/guilds/{guild_id}/commands"
2022-04-01 11:07:41,936 - discord.gateway - identify - INFO - Shard ID None has sent the IDENTIFY payload.
2022-04-01 11:07:42,043 - discord.gateway - received_message - INFO - Shard ID None has connected to Gateway: ["gateway-prd-main-8cd4",{"micros":69622,"calls":["discord-sessions-blue-prd-2-33",{"micros":65619,"calls":["start_session",{"micros":40113,"calls":["discord-api-67ff589cfd-gpnj9",{"micros":34394,"calls":["get_user",{"micros":5974},"add_authorized_ip",{"micros":2019},"get_guilds",{"micros":3672},"coros_wait",{"micros":2}]}]},"guilds_connect",{"micros":2,"calls":[]},"presence_connect",{"micros":2388,"calls":[]}]}]}] (Session ID: 88059d4a21c94408b90ab41f866ae517).
2022-04-01 11:08:28,439 - discord.client - __init__ - WARNING - PyNaCl is not installed, voice will NOT be supported
2022-04-01 11:08:28,445 - discord.client - login - INFO - logging in using static token
2022-04-01 11:08:28,615 - root - setup_hook - INFO - Using Query   CREATE TABLE IF NOT EXISTS pers_messages (id TEXT PRIMARY KEY, persistent_message TEXT)
2022-04-01 11:08:28,616 - root - setup_hook - INFO - Using Query   CREATE TABLE IF NOT EXISTS guilds (id TEXT PRIMARY KEY, name TEXT, count INT)
2022-04-01 11:08:28,617 - root - setup_hook - INFO - Using Query   CREATE TABLE IF NOT EXISTS warns (id TEXT PRIMARY KEY, guild_id TEXT UNIQUE, user_id TEXT UNIQUE, moderator_id TEXT, reason TEXT, time INT)
2022-04-01 11:08:28,618 - root - setup_hook - INFO - Using Query   CREATE TABLE IF NOT EXISTS settings (id TEXT PRIMARY KEY, wlsys BIT, moderation BIT, information BIT, urls BIT, basic BIT)
2022-04-01 11:08:32,614 - discord.gateway - identify - INFO - Shard ID None has sent the IDENTIFY payload.
2022-04-01 11:08:32,738 - discord.gateway - received_message - INFO - Shard ID None has connected to Gateway: ["gateway-prd-main-kr64",{"micros":89229,"calls":["discord-sessions-blue-prd-2-142",{"micros":87942,"calls":["start_session",{"micros":53979,"calls":["discord-api-67ff589cfd-8gtcc",{"micros":49765,"calls":["get_user",{"micros":7353},"add_authorized_ip",{"micros":3916},"get_guilds",{"micros":6683},"coros_wait",{"micros":3}]}]},"guilds_connect",{"micros":2,"calls":[]},"presence_connect",{"micros":25486,"calls":[]}]}]}] (Session ID: 83f04fdbcbd44d14b689da3257e64fe6).
2022-04-01 11:09:06,003 - discord.client - __init__ - WARNING - PyNaCl is not installed, voice will NOT be supported
2022-04-01 11:09:06,010 - discord.client - login - INFO - logging in using static token
2022-04-01 11:09:06,229 - root - setup_hook - INFO - Using Query   CREATE TABLE IF NOT EXISTS pers_messages (id TEXT PRIMARY KEY, persistent_message TEXT)
2022-04-01 11:09:06,230 - root - setup_hook - INFO - Using Query   CREATE TABLE IF NOT EXISTS guilds (id TEXT PRIMARY KEY, name TEXT, count INT)
2022-04-01 11:09:06,231 - root - setup_hook - INFO - Using Query   CREATE TABLE IF NOT EXISTS warns (id TEXT PRIMARY KEY, guild_id TEXT UNIQUE, user_id TEXT UNIQUE, moderator_id TEXT, reason TEXT, time INT)
2022-04-01 11:09:06,232 - root - setup_hook - INFO - Using Query   CREATE TABLE IF NOT EXISTS settings (id TEXT PRIMARY KEY, wlsys BIT, moderation BIT, information BIT, urls BIT, basic BIT)
2022-04-01 11:09:07,404 - discord.gateway - identify - INFO - Shard ID None has sent the IDENTIFY payload.
2022-04-01 11:09:07,536 - discord.gateway - received_message - INFO - Shard ID None has connected to Gateway: ["gateway-prd-main-vnwb",{"micros":93937,"calls":["discord-sessions-blue-prd-2-40",{"micros":88707,"calls":["start_session",{"micros":63197,"calls":["discord-api-67ff589cfd-w798d",{"micros":57105,"calls":["get_user",{"micros":16280},"add_authorized_ip",{"micros":3021},"get_guilds",{"micros":5056},"coros_wait",{"micros":2}]}]},"guilds_connect",{"micros":2,"calls":[]},"presence_connect",{"micros":21741,"calls":[]}]}]}] (Session ID: 1587c148d7bdc5c9b1fe97475f1767da).
2022-04-01 11:09:41,614 - discord.client - __init__ - WARNING - PyNaCl is not installed, voice will NOT be supported
2022-04-01 11:09:41,621 - discord.client - login - INFO - logging in using static token
2022-04-01 11:09:41,856 - root - setup_hook - INFO - Using Query   CREATE TABLE IF NOT EXISTS pers_messages (id TEXT PRIMARY KEY, persistent_message TEXT)
2022-04-01 11:09:41,857 - root - setup_hook - INFO - Using Query   CREATE TABLE IF NOT EXISTS guilds (id TEXT PRIMARY KEY, name TEXT, count INT)
2022-04-01 11:09:41,857 - root - setup_hook - INFO - Using Query   CREATE TABLE IF NOT EXISTS warns (id TEXT PRIMARY KEY, guild_id TEXT UNIQUE, user_id TEXT UNIQUE, moderator_id TEXT, reason TEXT, time INT)
2022-04-01 11:09:41,858 - root - setup_hook - INFO - Using Query   CREATE TABLE IF NOT EXISTS settings (id TEXT PRIMARY KEY, wlsys BIT, moderation BIT, information BIT, urls BIT, basic BIT)
2022-04-01 11:09:43,291 - discord.gateway - identify - INFO - Shard ID None has sent the IDENTIFY payload.
2022-04-01 11:09:43,455 - discord.gateway - received_message - INFO - Shard ID None has connected to Gateway: ["gateway-prd-main-znz4",{"micros":65198,"calls":["discord-sessions-blue-prd-2-69",{"micros":63468,"calls":["start_session",{"micros":43894,"calls":["discord-api-67ff589cfd-g6f76",{"micros":39260,"calls":["get_user",{"micros":6156},"add_authorized_ip",{"micros":1383},"get_guilds",{"micros":5555},"coros_wait",{"micros":2}]}]},"guilds_connect",{"micros":2,"calls":[]},"presence_connect",{"micros":1,"calls":[]}]}]}] (Session ID: 81b65046969be50d116e8927b01ce825).
2022-04-01 11:10:41,871 - discord.client - __init__ - WARNING - PyNaCl is not installed, voice will NOT be supported
2022-04-01 11:10:41,880 - discord.client - login - INFO - logging in using static token
2022-04-01 11:10:42,055 - root - setup_hook - INFO - Using Query   CREATE TABLE IF NOT EXISTS pers_messages (id TEXT PRIMARY KEY, persistent_message TEXT)
2022-04-01 11:10:42,056 - root - setup_hook - INFO - Using Query   CREATE TABLE IF NOT EXISTS guilds (id TEXT PRIMARY KEY, name TEXT, count INT)
2022-04-01 11:10:42,057 - root - setup_hook - INFO - Using Query   CREATE TABLE IF NOT EXISTS warns (id TEXT PRIMARY KEY, guild_id TEXT UNIQUE, user_id TEXT UNIQUE, moderator_id TEXT, reason TEXT, time INT)
2022-04-01 11:10:42,058 - root - setup_hook - INFO - Using Query   CREATE TABLE IF NOT EXISTS settings (id TEXT PRIMARY KEY, wlsys BIT, moderation BIT, information BIT, urls BIT, basic BIT)
2022-04-01 11:10:42,914 - discord.gateway - identify - INFO - Shard ID None has sent the IDENTIFY payload.
2022-04-01 11:10:43,077 - discord.gateway - received_message - INFO - Shard ID None has connected to Gateway: ["gateway-prd-main-1qq3",{"micros":119900,"calls":["discord-sessions-blue-prd-2-108",{"micros":118697,"calls":["start_session",{"micros":77831,"calls":["discord-api-67ff589cfd-b5pc8",{"micros":73108,"calls":["get_user",{"micros":6524},"add_authorized_ip",{"micros":2341},"get_guilds",{"micros":39962},"coros_wait",{"micros":2}]}]},"guilds_connect",{"micros":1,"calls":[]},"presence_connect",{"micros":2,"calls":[]}]}]}] (Session ID: 6a7225ffa0a1f19b20ba0e133c45f985).
2022-04-01 11:11:13,383 - discord.client - __init__ - WARNING - PyNaCl is not installed, voice will NOT be supported
2022-04-01 11:11:13,395 - discord.client - login - INFO - logging in using static token
2022-04-01 11:11:13,759 - root - setup_hook - INFO - Using Query   CREATE TABLE IF NOT EXISTS pers_messages (id TEXT PRIMARY KEY, persistent_message TEXT)
2022-04-01 11:11:13,760 - root - setup_hook - INFO - Using Query   CREATE TABLE IF NOT EXISTS guilds (id TEXT PRIMARY KEY, name TEXT, count INT)
2022-04-01 11:11:13,762 - root - setup_hook - INFO - Using Query   CREATE TABLE IF NOT EXISTS warns (id TEXT PRIMARY KEY, guild_id TEXT UNIQUE, user_id TEXT UNIQUE, moderator_id TEXT, reason TEXT, time INT)
2022-04-01 11:11:13,764 - root - setup_hook - INFO - Using Query   CREATE TABLE IF NOT EXISTS settings (id TEXT PRIMARY KEY, wlsys BIT, moderation BIT, information BIT, urls BIT, basic BIT)
2022-04-01 11:11:15,131 - discord.gateway - identify - INFO - Shard ID None has sent the IDENTIFY payload.
2022-04-01 11:11:15,288 - discord.gateway - received_message - INFO - Shard ID None has connected to Gateway: ["gateway-prd-main-8vz3",{"micros":118193,"calls":["discord-sessions-blue-prd-2-118",{"micros":116420,"calls":["start_session",{"micros":90430,"calls":["discord-api-67ff589cfd-sxbq2",{"micros":82452,"calls":["get_user",{"micros":33755},"add_authorized_ip",{"micros":3432},"get_guilds",{"micros":5606},"coros_wait",{"micros":3}]}]},"guilds_connect",{"micros":2,"calls":[]},"presence_connect",{"micros":6858,"calls":[]}]}]}] (Session ID: f78b0868ee1b55124ab774512277ca66).
2022-04-01 11:25:34,195 - discord.client - __init__ - WARNING - PyNaCl is not installed, voice will NOT be supported
2022-04-01 11:25:34,204 - discord.client - login - INFO - logging in using static token
2022-04-01 11:25:34,453 - root - setup_hook - INFO - Using Query   CREATE TABLE IF NOT EXISTS pers_messages (id TEXT PRIMARY KEY, persistent_message TEXT)
2022-04-01 11:25:34,454 - root - setup_hook - INFO - Using Query   CREATE TABLE IF NOT EXISTS guilds (id TEXT PRIMARY KEY, name TEXT, count INT)
2022-04-01 11:25:34,454 - root - setup_hook - INFO - Using Query   CREATE TABLE IF NOT EXISTS warns (id TEXT PRIMARY KEY, guild_id TEXT UNIQUE, user_id TEXT UNIQUE, moderator_id TEXT, reason TEXT, time INT)
2022-04-01 11:25:34,455 - root - setup_hook - INFO - Using Query   CREATE TABLE IF NOT EXISTS settings (id TEXT PRIMARY KEY, wlsys BIT, moderation BIT, information BIT, urls BIT, basic BIT)
2022-04-01 11:25:35,670 - discord.gateway - identify - INFO - Shard ID None has sent the IDENTIFY payload.
2022-04-01 11:25:35,781 - discord.gateway - received_message - INFO - Shard ID None has connected to Gateway: ["gateway-prd-main-zksz",{"micros":72550,"calls":["discord-sessions-blue-prd-2-13",{"micros":70939,"calls":["start_session",{"micros":65235,"calls":["discord-api-67ff589cfd-84l2g",{"micros":59736,"calls":["get_user",{"micros":10628},"add_authorized_ip",{"micros":6383},"get_guilds",{"micros":3509},"coros_wait",{"micros":3}]}]},"guilds_connect",{"micros":2,"calls":[]},"presence_connect",{"micros":1689,"calls":[]}]}]}] (Session ID: 62818a11a6ea07896dc30d6e259a05d3).
2022-04-01 11:26:04,930 - discord.client - __init__ - WARNING - PyNaCl is not installed, voice will NOT be supported
2022-04-01 11:26:04,937 - discord.client - login - INFO - logging in using static token
2022-04-01 11:26:05,214 - root - setup_hook - INFO - Using Query   CREATE TABLE IF NOT EXISTS pers_messages (id TEXT PRIMARY KEY, persistent_message TEXT)
2022-04-01 11:26:05,214 - root - setup_hook - INFO - Using Query   CREATE TABLE IF NOT EXISTS guilds (id TEXT PRIMARY KEY, name TEXT, count INT)
2022-04-01 11:26:05,215 - root - setup_hook - INFO - Using Query   CREATE TABLE IF NOT EXISTS warns (id TEXT PRIMARY KEY, guild_id TEXT UNIQUE, user_id TEXT UNIQUE, moderator_id TEXT, reason TEXT, time INT)
2022-04-01 11:26:05,215 - root - setup_hook - INFO - Using Query   CREATE TABLE IF NOT EXISTS settings (id TEXT PRIMARY KEY, wlsys BIT, moderation BIT, information BIT, urls BIT, basic BIT)
2022-04-01 11:26:06,184 - discord.gateway - identify - INFO - Shard ID None has sent the IDENTIFY payload.
2022-04-01 11:26:06,304 - discord.gateway - received_message - INFO - Shard ID None has connected to Gateway: ["gateway-prd-main-qj3j",{"micros":75388,"calls":["discord-sessions-blue-prd-2-113",{"micros":70810,"calls":["start_session",{"micros":46360,"calls":["discord-api-67ff589cfd-f82j2",{"micros":42427,"calls":["get_user",{"micros":7325},"add_authorized_ip",{"micros":2382},"get_guilds",{"micros":5897},"coros_wait",{"micros":2}]}]},"guilds_connect",{"micros":2,"calls":[]},"presence_connect",{"micros":17504,"calls":[]}]}]}] (Session ID: 851cda4d81dbde5a7fa875eaaa40d3f2).
2022-04-02 14:57:55,094 - discord.client - __init__ - WARNING - PyNaCl is not installed, voice will NOT be supported
2022-04-02 14:57:55,120 - discord.client - login - INFO - logging in using static token
2022-04-02 14:57:55,387 - root - setup_hook - INFO - Using Query   
            CREATE TABLE IF NOT EXISTS guilds (
                id INTEGER PRIMARY KEY,
                name TEXT NOT NULL,
                count INTEGER NOT NULL,
                settings TEXT, NOT NULL,
                pers_messages TEXT NOT NULL UNIQUE
            );
            
